------------------------------------------------------------------------------------------------------------------------

[2019-05-15 15:50:33 #1 server] 
Server on port 8080 has started by 12596@DESKTOP-OLFA7OK

[2019-05-15 15:50:50 #2 store] 
Database 'C:\Users\kalvo\git\BetAndRuin_BugStreetBoys\libs\db\resources\db\bets.odb' is opened by 12596@DESKTOP-OLFA7OK

------------------------------------------------------------------------------------------------------------------------

[2019-05-15 15:50:58 #1 type.registry] 
New type domain.User

[2019-05-15 15:50:58 #2 type] 
Type domain.User is not enhanced.

[2019-05-15 15:50:58 #3 type.registry] 
New type domain.VWallet

[2019-05-15 15:50:58 #4 type] 
Type domain.VWallet is not enhanced.

[2019-05-15 15:50:58 #5 type.registry] 
New type domain.Bet

[2019-05-15 15:50:58 #6 type] 
Type domain.Bet is not enhanced.

[2019-05-15 15:50:58 #7 type.registry] 
New type domain.PossibleBet

[2019-05-15 15:50:58 #8 type] 
Type domain.PossibleBet is not enhanced.

[2019-05-15 15:50:58 #9 type.registry] 
New type domain.Event

[2019-05-15 15:50:58 #10 type] 
Type domain.Event is not enhanced.

[2019-05-15 15:50:58 #11 type.registry] 
New type domain.Question

[2019-05-15 15:50:58 #12 type.registry] 
New type domain.Result

[2019-05-15 15:50:58 #13 type] 
Type domain.Question is not enhanced.

[2019-05-15 15:50:58 #14 type] 
Type domain.Result is not enhanced.

[2019-05-15 15:51:36 #15 type.registry] 
New type domain.Category

[2019-05-15 15:51:36 #16 type] 
Type domain.Category is not enhanced.

[2019-05-15 15:51:36 #17 type.registry] 
New type java.util.LinkedList<java.lang.Object>

[2019-05-15 15:51:36 #18 type.registry] 
New type java.util.LinkedList<domain.Result>

[2019-05-15 15:51:36 #19 type.registry] 
New type domain.Sport

[2019-05-15 15:51:36 #20 type] 
Type domain.Sport is not enhanced.

[2019-05-15 15:51:36 #21 type.registry] 
New type java.util.ArrayList<java.lang.Object>

[2019-05-15 15:51:36 #22 type.registry] 
New type java.util.ArrayList<domain.Event>

[2019-05-15 15:51:36 #23 type.registry] 
New type java.util.ArrayList<domain.Category>

[2019-05-15 15:52:03 #3 store] 
Database 'C:\Users\kalvo\git\BetAndRuin_BugStreetBoys\libs\db\resources\db\bets.odb' is closed by 12596@DESKTOP-OLFA7OK

[2019-05-15 16:13:43 #4 store] 
Database 'C:\Users\kalvo\git\BetAndRuin_BugStreetBoys\libs\db\resources\db\bets.odb' is opened by 12596@DESKTOP-OLFA7OK

[2019-05-15 16:15:00 #5 store] 
Database 'C:\Users\kalvo\git\BetAndRuin_BugStreetBoys\libs\db\resources\db\bets.odb' is closed by 12596@DESKTOP-OLFA7OK

[2019-05-15 16:15:10 #6 store] 
Database 'C:\Users\kalvo\git\BetAndRuin_BugStreetBoys\libs\db\resources\db\bets.odb' is opened by 12596@DESKTOP-OLFA7OK

------------------------------------------------------------------------------------------------------------------------

[2019-05-15 16:15:10 #1 type] 
Type domain.User is not enhanced.

[2019-05-15 16:15:10 #2 type] 
Type domain.VWallet is not enhanced.

[2019-05-15 16:15:10 #3 type] 
Type domain.Bet is not enhanced.

[2019-05-15 16:15:10 #4 type] 
Type domain.PossibleBet is not enhanced.

[2019-05-15 16:15:10 #5 type] 
Type domain.Event is not enhanced.

[2019-05-15 16:15:10 #6 type] 
Type domain.Question is not enhanced.

[2019-05-15 16:15:10 #7 type] 
Type domain.Result is not enhanced.

[2019-05-15 16:15:10 #8 type] 
Type domain.Category is not enhanced.

[2019-05-15 16:15:10 #9 type] 
Type domain.Sport is not enhanced.

[2019-05-15 16:21:57 #7 store] 
Database 'C:\Users\kalvo\git\BetAndRuin_BugStreetBoys\libs\db\resources\db\bets.odb' is closed by 12596@DESKTOP-OLFA7OK

[2019-05-15 16:22:24 #8 server] 
Server on port 8080 has stopped by 12596@DESKTOP-OLFA7OK

------------------------------------------------------------------------------------------------------------------------

[2019-05-15 16:50:19 #1 type] 
Type domain.User is not enhanced.

[2019-05-15 16:50:19 #2 type] 
Type domain.VWallet is not enhanced.

[2019-05-15 16:50:19 #3 type] 
Type domain.Bet is not enhanced.

[2019-05-15 16:50:19 #4 type] 
Type domain.PossibleBet is not enhanced.

[2019-05-15 16:50:19 #5 type] 
Type domain.Event is not enhanced.

[2019-05-15 16:50:19 #6 type] 
Type domain.Question is not enhanced.

[2019-05-15 16:50:19 #7 type] 
Type domain.Result is not enhanced.

[2019-05-15 16:50:19 #8 type] 
Type domain.Category is not enhanced.

[2019-05-15 16:50:19 #9 type] 
Type domain.Sport is not enhanced.

------------------------------------------------------------------------------------------------------------------------

[2019-05-15 17:41:15 #1 type] 
Type domain.User is not enhanced.

[2019-05-15 17:41:15 #2 type] 
Type domain.VWallet is not enhanced.

[2019-05-15 17:41:15 #3 type] 
Type domain.Bet is not enhanced.

[2019-05-15 17:41:15 #4 type] 
Type domain.PossibleBet is not enhanced.

[2019-05-15 17:41:15 #5 type] 
Type domain.Event is not enhanced.

[2019-05-15 17:41:15 #6 type] 
Type domain.Question is not enhanced.

[2019-05-15 17:41:15 #7 type] 
Type domain.Result is not enhanced.

[2019-05-15 17:41:15 #8 type] 
Type domain.Category is not enhanced.

[2019-05-15 17:41:15 #9 type] 
Type domain.Sport is not enhanced.

------------------------------------------------------------------------------------------------------------------------

[2019-05-15 18:12:14 #1 type] 
Type domain.User is not enhanced.

[2019-05-15 18:12:14 #2 type] 
Type domain.VWallet is not enhanced.

[2019-05-15 18:12:14 #3 type] 
Type domain.Bet is not enhanced.

[2019-05-15 18:12:14 #4 type] 
Type domain.PossibleBet is not enhanced.

[2019-05-15 18:12:14 #5 type] 
Type domain.Event is not enhanced.

[2019-05-15 18:12:14 #6 type] 
Type domain.Question is not enhanced.

[2019-05-15 18:12:14 #7 type] 
Type domain.Result is not enhanced.

[2019-05-15 18:12:14 #8 type] 
Type domain.Category is not enhanced.

[2019-05-15 18:12:14 #9 type] 
Type domain.Sport is not enhanced.

------------------------------------------------------------------------------------------------------------------------

[2019-05-15 18:12:57 #1 type] 
Type domain.User is not enhanced.

[2019-05-15 18:12:57 #2 type] 
Type domain.VWallet is not enhanced.

[2019-05-15 18:12:57 #3 type] 
Type domain.Bet is not enhanced.

[2019-05-15 18:12:57 #4 type] 
Type domain.PossibleBet is not enhanced.

[2019-05-15 18:12:57 #5 type] 
Type domain.Event is not enhanced.

[2019-05-15 18:12:57 #6 type] 
Type domain.Question is not enhanced.

[2019-05-15 18:12:57 #7 type] 
Type domain.Result is not enhanced.

[2019-05-15 18:12:57 #8 type] 
Type domain.Category is not enhanced.

[2019-05-15 18:12:57 #9 type] 
Type domain.Sport is not enhanced.

------------------------------------------------------------------------------------------------------------------------

[2019-05-15 18:19:59 #1 type] 
Type domain.User is not enhanced.

[2019-05-15 18:19:59 #2 type] 
Type domain.VWallet is not enhanced.

[2019-05-15 18:19:59 #3 type] 
Type domain.Bet is not enhanced.

[2019-05-15 18:19:59 #4 type] 
Type domain.PossibleBet is not enhanced.

[2019-05-15 18:19:59 #5 type] 
Type domain.Event is not enhanced.

[2019-05-15 18:19:59 #6 type] 
Type domain.Question is not enhanced.

[2019-05-15 18:19:59 #7 type] 
Type domain.Result is not enhanced.

[2019-05-15 18:19:59 #8 type] 
Type domain.Category is not enhanced.

[2019-05-15 18:19:59 #9 type] 
Type domain.Sport is not enhanced.

