------------------------------------------------------------------------------------------------------------------------

[2019-05-07 17:52:29 #1 store] 
Database 'C:\Users\kalvo\git\BetAndRuin_BugStreetBoys\resources\db\bets.odb' is opened by 976@DESKTOP-OLFA7OK

[2019-05-07 17:52:29 #2 type] 
Type domain.User is not enhanced.

[2019-05-07 17:52:29 #3 type] 
Type domain.VWallet is not enhanced.

[2019-05-07 17:52:29 #4 type] 
Type domain.Category is not enhanced.

[2019-05-07 17:52:29 #5 type] 
Type domain.Event is not enhanced.

[2019-05-07 17:52:29 #6 type] 
Type domain.Question is not enhanced.

[2019-05-07 17:52:29 #7 type] 
Type domain.Result is not enhanced.

[2019-05-07 17:52:29 #8 type] 
Type domain.Sport is not enhanced.

[2019-05-07 17:52:29 #9 type] 
Type domain.Bet is not enhanced.

[2019-05-07 17:52:29 #10 type] 
Type domain.PossibleBet is not enhanced.

[2019-05-07 17:52:29 #11 type] 
Type domain.Movement is not enhanced.

