------------------------------------------------------------------------------------------------------------------------

[2019-03-20 18:17:41 #1 store] 
Database 'D:\BetAndRuinS2\BetAndRuin_BugStreetBoys\resources\db\bets.odb' is opened by 5744@DESKTOP-OLFA7OK

[2019-03-20 18:17:41 #2 type] 
Type domain.User is not enhanced.

[2019-03-20 18:17:41 #3 type] 
Type domain.VWallet is not enhanced.

[2019-03-20 18:17:41 #4 type] 
Type domain.Sport is not enhanced.

[2019-03-20 18:17:41 #5 type] 
Type domain.Category is not enhanced.

[2019-03-20 18:17:41 #6 type] 
Type domain.Event is not enhanced.

[2019-03-20 18:17:41 #7 type] 
Type domain.Question is not enhanced.

[2019-03-20 18:17:41 #8 type] 
Type domain.Result is not enhanced.

[2019-03-20 18:17:41 #9 type] 
Type domain.Movement is not enhanced.

------------------------------------------------------------------------------------------------------------------------

[2019-03-20 18:18:15 #1 store] 
Database 'D:\BetAndRuinS2\BetAndRuin_BugStreetBoys\resources\db\bets.odb' has been recovered (tr. 69-69)

[2019-03-20 18:18:15 #2 store] 
Database 'D:\BetAndRuinS2\BetAndRuin_BugStreetBoys\resources\db\bets.odb' is opened by 9724@DESKTOP-OLFA7OK

[2019-03-20 18:18:15 #3 type] 
Type domain.User is not enhanced.

[2019-03-20 18:18:15 #4 type] 
Type domain.VWallet is not enhanced.

[2019-03-20 18:18:15 #5 type] 
Type domain.Sport is not enhanced.

[2019-03-20 18:18:15 #6 type] 
Type domain.Category is not enhanced.

[2019-03-20 18:18:15 #7 type] 
Type domain.Event is not enhanced.

[2019-03-20 18:18:15 #8 type] 
Type domain.Question is not enhanced.

[2019-03-20 18:18:15 #9 type] 
Type domain.Result is not enhanced.

[2019-03-20 18:18:15 #10 type] 
Type domain.Movement is not enhanced.

------------------------------------------------------------------------------------------------------------------------

[2019-03-20 18:30:06 #1 store] 
Database 'D:\BetAndRuinS2\BetAndRuin_BugStreetBoys\resources\db\bets.odb' has been recovered (tr. 70-70)

[2019-03-20 18:30:06 #2 store] 
Database 'D:\BetAndRuinS2\BetAndRuin_BugStreetBoys\resources\db\bets.odb' is opened by 6044@DESKTOP-OLFA7OK

[2019-03-20 18:30:06 #3 type] 
Type domain.User is not enhanced.

[2019-03-20 18:30:06 #4 type] 
Type domain.VWallet is not enhanced.

[2019-03-20 18:30:06 #5 type] 
Type domain.Sport is not enhanced.

[2019-03-20 18:30:06 #6 type] 
Type domain.Category is not enhanced.

[2019-03-20 18:30:06 #7 type] 
Type domain.Event is not enhanced.

[2019-03-20 18:30:06 #8 type] 
Type domain.Question is not enhanced.

[2019-03-20 18:30:06 #9 type] 
Type domain.Result is not enhanced.

[2019-03-20 18:30:06 #10 type] 
Type domain.Movement is not enhanced.

------------------------------------------------------------------------------------------------------------------------

[2019-03-20 19:38:00 #1 store] 
Database 'D:\BetAndRuinS2\BetAndRuin_BugStreetBoys\resources\db\bets.odb' has been recovered (tr. 71-75)

[2019-03-20 19:38:00 #2 store] 
Database 'D:\BetAndRuinS2\BetAndRuin_BugStreetBoys\resources\db\bets.odb' is opened by 6516@DESKTOP-OLFA7OK

[2019-03-20 19:38:00 #3 type] 
Type domain.User is not enhanced.

[2019-03-20 19:38:00 #4 type] 
Type domain.VWallet is not enhanced.

[2019-03-20 19:38:00 #5 type] 
Type domain.Sport is not enhanced.

[2019-03-20 19:38:00 #6 type] 
Type domain.Category is not enhanced.

[2019-03-20 19:38:00 #7 type] 
Type domain.Event is not enhanced.

[2019-03-20 19:38:00 #8 type] 
Type domain.Question is not enhanced.

[2019-03-20 19:38:00 #9 type] 
Type domain.Result is not enhanced.

[2019-03-20 19:38:00 #10 type] 
Type domain.Movement is not enhanced.

------------------------------------------------------------------------------------------------------------------------

[2019-03-20 19:38:55 #1 store] 
Database 'D:\BetAndRuinS2\BetAndRuin_BugStreetBoys\resources\db\bets.odb' has been recovered (tr. 76-76)

[2019-03-20 19:38:55 #2 store] 
Database 'D:\BetAndRuinS2\BetAndRuin_BugStreetBoys\resources\db\bets.odb' is opened by 7620@DESKTOP-OLFA7OK

[2019-03-20 19:38:55 #3 type] 
Type domain.User is not enhanced.

[2019-03-20 19:38:55 #4 type] 
Type domain.VWallet is not enhanced.

[2019-03-20 19:38:55 #5 type] 
Type domain.Sport is not enhanced.

[2019-03-20 19:38:55 #6 type] 
Type domain.Category is not enhanced.

[2019-03-20 19:38:55 #7 type] 
Type domain.Event is not enhanced.

[2019-03-20 19:38:55 #8 type] 
Type domain.Question is not enhanced.

[2019-03-20 19:38:55 #9 type] 
Type domain.Result is not enhanced.

[2019-03-20 19:38:55 #10 type] 
Type domain.Movement is not enhanced.

------------------------------------------------------------------------------------------------------------------------

[2019-03-20 19:39:18 #1 store] 
Database 'D:\BetAndRuinS2\BetAndRuin_BugStreetBoys\resources\db\bets.odb' has been recovered (tr. 77-81)

[2019-03-20 19:39:19 #2 store] 
Database 'D:\BetAndRuinS2\BetAndRuin_BugStreetBoys\resources\db\bets.odb' is opened by 2564@DESKTOP-OLFA7OK

[2019-03-20 19:39:19 #3 type] 
Type domain.User is not enhanced.

[2019-03-20 19:39:19 #4 type] 
Type domain.VWallet is not enhanced.

[2019-03-20 19:39:19 #5 type] 
Type domain.Sport is not enhanced.

[2019-03-20 19:39:19 #6 type] 
Type domain.Category is not enhanced.

[2019-03-20 19:39:19 #7 type] 
Type domain.Event is not enhanced.

[2019-03-20 19:39:19 #8 type] 
Type domain.Question is not enhanced.

[2019-03-20 19:39:19 #9 type] 
Type domain.Result is not enhanced.

[2019-03-20 19:39:19 #10 type] 
Type domain.Movement is not enhanced.

------------------------------------------------------------------------------------------------------------------------

[2019-03-20 19:39:59 #1 store] 
Database 'D:\BetAndRuinS2\BetAndRuin_BugStreetBoys\resources\db\bets.odb' is opened by 10328@DESKTOP-OLFA7OK

[2019-03-20 19:40:00 #2 type] 
Type domain.User is not enhanced.

[2019-03-20 19:40:00 #3 type] 
Type domain.VWallet is not enhanced.

[2019-03-20 19:40:00 #4 type] 
Type domain.Sport is not enhanced.

[2019-03-20 19:40:00 #5 type] 
Type domain.Category is not enhanced.

[2019-03-20 19:40:00 #6 type] 
Type domain.Event is not enhanced.

[2019-03-20 19:40:00 #7 type] 
Type domain.Question is not enhanced.

[2019-03-20 19:40:00 #8 type] 
Type domain.Result is not enhanced.

[2019-03-20 19:40:00 #9 type] 
Type domain.Movement is not enhanced.

------------------------------------------------------------------------------------------------------------------------

[2019-03-20 19:44:36 #1 store] 
Database 'D:\BetAndRuinS2\BetAndRuin_BugStreetBoys\resources\db\bets.odb' is opened by 10416@DESKTOP-OLFA7OK

[2019-03-20 19:44:36 #2 type] 
Type domain.User is not enhanced.

[2019-03-20 19:44:36 #3 type] 
Type domain.VWallet is not enhanced.

[2019-03-20 19:44:36 #4 type] 
Type domain.Sport is not enhanced.

[2019-03-20 19:44:36 #5 type] 
Type domain.Category is not enhanced.

[2019-03-20 19:44:36 #6 type] 
Type domain.Event is not enhanced.

[2019-03-20 19:44:36 #7 type] 
Type domain.Question is not enhanced.

[2019-03-20 19:44:36 #8 type] 
Type domain.Result is not enhanced.

[2019-03-20 19:44:36 #9 type] 
Type domain.Movement is not enhanced.

------------------------------------------------------------------------------------------------------------------------

[2019-03-20 19:45:49 #1 store] 
Database 'D:\BetAndRuinS2\BetAndRuin_BugStreetBoys\resources\db\bets.odb' has been recovered (tr. 82-82)

[2019-03-20 19:45:50 #2 store] 
Database 'D:\BetAndRuinS2\BetAndRuin_BugStreetBoys\resources\db\bets.odb' is opened by 2252@DESKTOP-OLFA7OK

[2019-03-20 19:45:51 #3 type] 
Type domain.User is not enhanced.

[2019-03-20 19:45:51 #4 type] 
Type domain.VWallet is not enhanced.

[2019-03-20 19:45:51 #5 type] 
Type domain.Sport is not enhanced.

[2019-03-20 19:45:51 #6 type] 
Type domain.Category is not enhanced.

[2019-03-20 19:45:51 #7 type] 
Type domain.Event is not enhanced.

[2019-03-20 19:45:51 #8 type] 
Type domain.Question is not enhanced.

[2019-03-20 19:45:51 #9 type] 
Type domain.Result is not enhanced.

[2019-03-20 19:45:51 #10 type] 
Type domain.Movement is not enhanced.

------------------------------------------------------------------------------------------------------------------------

[2019-03-20 19:46:49 #1 store] 
Database 'D:\BetAndRuinS2\BetAndRuin_BugStreetBoys\resources\db\bets.odb' is opened by 2864@DESKTOP-OLFA7OK

[2019-03-20 19:46:49 #2 type] 
Type domain.User is not enhanced.

[2019-03-20 19:46:49 #3 type] 
Type domain.VWallet is not enhanced.

[2019-03-20 19:46:49 #4 type] 
Type domain.Sport is not enhanced.

[2019-03-20 19:46:49 #5 type] 
Type domain.Category is not enhanced.

[2019-03-20 19:46:49 #6 type] 
Type domain.Event is not enhanced.

[2019-03-20 19:46:49 #7 type] 
Type domain.Question is not enhanced.

[2019-03-20 19:46:49 #8 type] 
Type domain.Result is not enhanced.

[2019-03-20 19:46:49 #9 type] 
Type domain.Movement is not enhanced.

------------------------------------------------------------------------------------------------------------------------

[2019-03-20 19:51:15 #1 store] 
Database 'D:\BetAndRuinS2\BetAndRuin_BugStreetBoys\resources\db\bets.odb' has been recovered (tr. 83-83)

[2019-03-20 19:51:16 #2 store] 
Database 'D:\BetAndRuinS2\BetAndRuin_BugStreetBoys\resources\db\bets.odb' is opened by 4116@DESKTOP-OLFA7OK

[2019-03-20 19:51:16 #3 type] 
Type domain.User is not enhanced.

[2019-03-20 19:51:16 #4 type] 
Type domain.VWallet is not enhanced.

[2019-03-20 19:51:16 #5 type] 
Type domain.Sport is not enhanced.

[2019-03-20 19:51:16 #6 type] 
Type domain.Category is not enhanced.

[2019-03-20 19:51:16 #7 type] 
Type domain.Event is not enhanced.

[2019-03-20 19:51:16 #8 type] 
Type domain.Question is not enhanced.

[2019-03-20 19:51:16 #9 type] 
Type domain.Result is not enhanced.

[2019-03-20 19:51:16 #10 type] 
Type domain.Movement is not enhanced.

------------------------------------------------------------------------------------------------------------------------

[2019-03-20 19:51:40 #1 store] 
Database 'D:\BetAndRuinS2\BetAndRuin_BugStreetBoys\resources\db\bets.odb' has been recovered (tr. 84-84)

[2019-03-20 19:51:40 #2 store] 
Database 'D:\BetAndRuinS2\BetAndRuin_BugStreetBoys\resources\db\bets.odb' is opened by 6436@DESKTOP-OLFA7OK

[2019-03-20 19:51:41 #3 type] 
Type domain.User is not enhanced.

[2019-03-20 19:51:41 #4 type] 
Type domain.VWallet is not enhanced.

[2019-03-20 19:51:41 #5 type] 
Type domain.Sport is not enhanced.

[2019-03-20 19:51:41 #6 type] 
Type domain.Category is not enhanced.

[2019-03-20 19:51:41 #7 type] 
Type domain.Event is not enhanced.

[2019-03-20 19:51:41 #8 type] 
Type domain.Question is not enhanced.

[2019-03-20 19:51:41 #9 type] 
Type domain.Result is not enhanced.

[2019-03-20 19:51:41 #10 type] 
Type domain.Movement is not enhanced.

------------------------------------------------------------------------------------------------------------------------

[2019-03-20 19:51:50 #1 store] 
Database 'D:\BetAndRuinS2\BetAndRuin_BugStreetBoys\resources\db\bets.odb' is opened by 9412@DESKTOP-OLFA7OK

[2019-03-20 19:51:50 #2 type] 
Type domain.User is not enhanced.

[2019-03-20 19:51:50 #3 type] 
Type domain.VWallet is not enhanced.

[2019-03-20 19:51:50 #4 type] 
Type domain.Sport is not enhanced.

[2019-03-20 19:51:50 #5 type] 
Type domain.Category is not enhanced.

[2019-03-20 19:51:50 #6 type] 
Type domain.Event is not enhanced.

[2019-03-20 19:51:50 #7 type] 
Type domain.Question is not enhanced.

[2019-03-20 19:51:50 #8 type] 
Type domain.Result is not enhanced.

[2019-03-20 19:51:50 #9 type] 
Type domain.Movement is not enhanced.

------------------------------------------------------------------------------------------------------------------------

[2019-03-20 19:52:42 #1 store] 
Database 'D:\BetAndRuinS2\BetAndRuin_BugStreetBoys\resources\db\bets.odb' has been recovered (tr. 85-88)

[2019-03-20 19:52:42 #2 store] 
Database 'D:\BetAndRuinS2\BetAndRuin_BugStreetBoys\resources\db\bets.odb' is opened by 784@DESKTOP-OLFA7OK

[2019-03-20 19:52:42 #3 type] 
Type domain.User is not enhanced.

[2019-03-20 19:52:42 #4 type] 
Type domain.VWallet is not enhanced.

[2019-03-20 19:52:42 #5 type] 
Type domain.Sport is not enhanced.

[2019-03-20 19:52:42 #6 type] 
Type domain.Category is not enhanced.

[2019-03-20 19:52:42 #7 type] 
Type domain.Event is not enhanced.

[2019-03-20 19:52:42 #8 type] 
Type domain.Question is not enhanced.

[2019-03-20 19:52:42 #9 type] 
Type domain.Result is not enhanced.

[2019-03-20 19:52:42 #10 type] 
Type domain.Movement is not enhanced.

------------------------------------------------------------------------------------------------------------------------

[2019-03-20 20:17:52 #1 store] 
Database 'D:\BetAndRuinS2\BetAndRuin_BugStreetBoys\resources\db\bets.odb' is opened by 3140@DESKTOP-OLFA7OK

[2019-03-20 20:17:52 #2 type] 
Type domain.User is not enhanced.

[2019-03-20 20:17:52 #3 type] 
Type domain.VWallet is not enhanced.

[2019-03-20 20:17:52 #4 type] 
Type domain.Sport is not enhanced.

[2019-03-20 20:17:52 #5 type] 
Type domain.Category is not enhanced.

[2019-03-20 20:17:52 #6 type] 
Type domain.Event is not enhanced.

[2019-03-20 20:17:52 #7 type] 
Type domain.Question is not enhanced.

[2019-03-20 20:17:52 #8 type] 
Type domain.Result is not enhanced.

[2019-03-20 20:17:52 #9 type] 
Type domain.Movement is not enhanced.

------------------------------------------------------------------------------------------------------------------------

[2019-03-20 20:18:42 #1 store] 
Database 'D:\BetAndRuinS2\BetAndRuin_BugStreetBoys\resources\db\bets.odb' is opened by 7808@DESKTOP-OLFA7OK

[2019-03-20 20:18:42 #2 type] 
Type domain.User is not enhanced.

[2019-03-20 20:18:42 #3 type] 
Type domain.VWallet is not enhanced.

[2019-03-20 20:18:42 #4 type] 
Type domain.Sport is not enhanced.

[2019-03-20 20:18:42 #5 type] 
Type domain.Category is not enhanced.

[2019-03-20 20:18:43 #6 type] 
Type domain.Event is not enhanced.

[2019-03-20 20:18:43 #7 type] 
Type domain.Question is not enhanced.

[2019-03-20 20:18:43 #8 type] 
Type domain.Result is not enhanced.

[2019-03-20 20:18:43 #9 type] 
Type domain.Movement is not enhanced.

------------------------------------------------------------------------------------------------------------------------

[2019-03-20 20:19:15 #1 store] 
Database 'D:\BetAndRuinS2\BetAndRuin_BugStreetBoys\resources\db\bets.odb' has been recovered (tr. 89-90)

[2019-03-20 20:19:16 #2 store] 
Database 'D:\BetAndRuinS2\BetAndRuin_BugStreetBoys\resources\db\bets.odb' is opened by 1824@DESKTOP-OLFA7OK

[2019-03-20 20:19:16 #3 type] 
Type domain.User is not enhanced.

[2019-03-20 20:19:16 #4 type] 
Type domain.VWallet is not enhanced.

[2019-03-20 20:19:16 #5 type] 
Type domain.Sport is not enhanced.

[2019-03-20 20:19:16 #6 type] 
Type domain.Category is not enhanced.

[2019-03-20 20:19:16 #7 type] 
Type domain.Event is not enhanced.

[2019-03-20 20:19:16 #8 type] 
Type domain.Question is not enhanced.

[2019-03-20 20:19:16 #9 type] 
Type domain.Result is not enhanced.

[2019-03-20 20:19:16 #10 type] 
Type domain.Movement is not enhanced.

------------------------------------------------------------------------------------------------------------------------

[2019-03-20 20:19:46 #1 store] 
Database 'D:\BetAndRuinS2\BetAndRuin_BugStreetBoys\resources\db\bets.odb' has been recovered (tr. 91-91)

[2019-03-20 20:19:46 #2 store] 
Database 'D:\BetAndRuinS2\BetAndRuin_BugStreetBoys\resources\db\bets.odb' is opened by 4520@DESKTOP-OLFA7OK

[2019-03-20 20:19:47 #3 type] 
Type domain.User is not enhanced.

[2019-03-20 20:19:47 #4 type] 
Type domain.VWallet is not enhanced.

[2019-03-20 20:19:47 #5 type] 
Type domain.Sport is not enhanced.

[2019-03-20 20:19:47 #6 type] 
Type domain.Category is not enhanced.

[2019-03-20 20:19:47 #7 type] 
Type domain.Event is not enhanced.

[2019-03-20 20:19:47 #8 type] 
Type domain.Question is not enhanced.

[2019-03-20 20:19:47 #9 type] 
Type domain.Result is not enhanced.

[2019-03-20 20:19:47 #10 type] 
Type domain.Movement is not enhanced.

------------------------------------------------------------------------------------------------------------------------

[2019-03-20 20:46:51 #1 store] 
Database 'D:\BetAndRuinS2\BetAndRuin_BugStreetBoys\resources\db\bets.odb' is opened by 9104@DESKTOP-OLFA7OK

[2019-03-20 20:46:51 #2 type] 
Type domain.User is not enhanced.

[2019-03-20 20:46:51 #3 type] 
Type domain.VWallet is not enhanced.

[2019-03-20 20:46:51 #4 type] 
Type domain.Sport is not enhanced.

[2019-03-20 20:46:51 #5 type] 
Type domain.Category is not enhanced.

[2019-03-20 20:46:51 #6 type] 
Type domain.Event is not enhanced.

[2019-03-20 20:46:51 #7 type] 
Type domain.Question is not enhanced.

[2019-03-20 20:46:51 #8 type] 
Type domain.Result is not enhanced.

[2019-03-20 20:46:51 #9 type] 
Type domain.Movement is not enhanced.

------------------------------------------------------------------------------------------------------------------------

[2019-03-20 20:49:27 #1 store] 
Database 'D:\BetAndRuinS2\BetAndRuin_BugStreetBoys\resources\db\bets.odb' has been recovered (tr. 92-94)

[2019-03-20 20:49:27 #2 store] 
Database 'D:\BetAndRuinS2\BetAndRuin_BugStreetBoys\resources\db\bets.odb' is opened by 6612@DESKTOP-OLFA7OK

[2019-03-20 20:49:27 #3 type] 
Type domain.User is not enhanced.

[2019-03-20 20:49:27 #4 type] 
Type domain.VWallet is not enhanced.

[2019-03-20 20:49:27 #5 type] 
Type domain.Sport is not enhanced.

[2019-03-20 20:49:27 #6 type] 
Type domain.Category is not enhanced.

[2019-03-20 20:49:27 #7 type] 
Type domain.Event is not enhanced.

[2019-03-20 20:49:27 #8 type] 
Type domain.Question is not enhanced.

[2019-03-20 20:49:27 #9 type] 
Type domain.Result is not enhanced.

[2019-03-20 20:49:27 #10 type] 
Type domain.Movement is not enhanced.

------------------------------------------------------------------------------------------------------------------------

[2019-03-20 21:12:31 #1 store] 
Database 'D:\BetAndRuinS2\BetAndRuin_BugStreetBoys\resources\db\bets.odb' is opened by 4476@DESKTOP-OLFA7OK

[2019-03-20 21:12:31 #2 type] 
Type domain.User is not enhanced.

[2019-03-20 21:12:31 #3 type] 
Type domain.VWallet is not enhanced.

[2019-03-20 21:12:31 #4 type] 
Type domain.Sport is not enhanced.

[2019-03-20 21:12:31 #5 type] 
Type domain.Category is not enhanced.

[2019-03-20 21:12:31 #6 type] 
Type domain.Event is not enhanced.

[2019-03-20 21:12:31 #7 type] 
Type domain.Question is not enhanced.

[2019-03-20 21:12:31 #8 type] 
Type domain.Result is not enhanced.

[2019-03-20 21:12:31 #9 type] 
Type domain.Movement is not enhanced.

------------------------------------------------------------------------------------------------------------------------

[2019-03-20 21:12:42 #1 store] 
Database 'D:\BetAndRuinS2\BetAndRuin_BugStreetBoys\resources\db\bets.odb' is opened by 11012@DESKTOP-OLFA7OK

[2019-03-20 21:12:42 #2 type] 
Type domain.User is not enhanced.

[2019-03-20 21:12:42 #3 type] 
Type domain.VWallet is not enhanced.

[2019-03-20 21:12:42 #4 type] 
Type domain.Sport is not enhanced.

[2019-03-20 21:12:42 #5 type] 
Type domain.Category is not enhanced.

[2019-03-20 21:12:42 #6 type] 
Type domain.Event is not enhanced.

[2019-03-20 21:12:42 #7 type] 
Type domain.Question is not enhanced.

[2019-03-20 21:12:42 #8 type] 
Type domain.Result is not enhanced.

[2019-03-20 21:12:42 #9 type] 
Type domain.Movement is not enhanced.

------------------------------------------------------------------------------------------------------------------------

[2019-03-20 21:13:03 #1 store] 
Database 'D:\BetAndRuinS2\BetAndRuin_BugStreetBoys\resources\db\bets.odb' is opened by 5300@DESKTOP-OLFA7OK

[2019-03-20 21:13:03 #2 type] 
Type domain.User is not enhanced.

[2019-03-20 21:13:03 #3 type] 
Type domain.VWallet is not enhanced.

[2019-03-20 21:13:03 #4 type] 
Type domain.Sport is not enhanced.

[2019-03-20 21:13:03 #5 type] 
Type domain.Category is not enhanced.

[2019-03-20 21:13:03 #6 type] 
Type domain.Event is not enhanced.

[2019-03-20 21:13:03 #7 type] 
Type domain.Question is not enhanced.

[2019-03-20 21:13:03 #8 type] 
Type domain.Result is not enhanced.

[2019-03-20 21:13:03 #9 type] 
Type domain.Movement is not enhanced.

------------------------------------------------------------------------------------------------------------------------

[2019-03-20 21:15:21 #1 store] 
Database 'D:\BetAndRuinS2\BetAndRuin_BugStreetBoys\resources\db\bets.odb' is opened by 2428@DESKTOP-OLFA7OK

[2019-03-20 21:15:21 #2 type] 
Type domain.User is not enhanced.

[2019-03-20 21:15:21 #3 type] 
Type domain.VWallet is not enhanced.

[2019-03-20 21:15:21 #4 type] 
Type domain.Sport is not enhanced.

[2019-03-20 21:15:21 #5 type] 
Type domain.Category is not enhanced.

[2019-03-20 21:15:21 #6 type] 
Type domain.Event is not enhanced.

[2019-03-20 21:15:21 #7 type] 
Type domain.Question is not enhanced.

[2019-03-20 21:15:21 #8 type] 
Type domain.Result is not enhanced.

[2019-03-20 21:15:21 #9 type] 
Type domain.Movement is not enhanced.

------------------------------------------------------------------------------------------------------------------------

[2019-03-20 21:22:10 #1 store] 
Database 'D:\BetAndRuinS2\BetAndRuin_BugStreetBoys\resources\db\bets.odb' is opened by 5968@DESKTOP-OLFA7OK

[2019-03-20 21:22:10 #2 type] 
Type domain.User is not enhanced.

[2019-03-20 21:22:10 #3 type] 
Type domain.VWallet is not enhanced.

[2019-03-20 21:22:10 #4 type] 
Type domain.Sport is not enhanced.

[2019-03-20 21:22:10 #5 type] 
Type domain.Category is not enhanced.

[2019-03-20 21:22:10 #6 type] 
Type domain.Event is not enhanced.

[2019-03-20 21:22:10 #7 type] 
Type domain.Question is not enhanced.

[2019-03-20 21:22:10 #8 type] 
Type domain.Result is not enhanced.

[2019-03-20 21:22:10 #9 type] 
Type domain.Movement is not enhanced.

------------------------------------------------------------------------------------------------------------------------

[2019-03-20 21:24:17 #1 store] 
Database 'D:\BetAndRuinS2\BetAndRuin_BugStreetBoys\resources\db\bets.odb' is opened by 9092@DESKTOP-OLFA7OK

[2019-03-20 21:24:17 #2 type] 
Type domain.User is not enhanced.

[2019-03-20 21:24:17 #3 type] 
Type domain.VWallet is not enhanced.

[2019-03-20 21:24:17 #4 type] 
Type domain.Sport is not enhanced.

[2019-03-20 21:24:17 #5 type] 
Type domain.Category is not enhanced.

[2019-03-20 21:24:17 #6 type] 
Type domain.Event is not enhanced.

[2019-03-20 21:24:17 #7 type] 
Type domain.Question is not enhanced.

[2019-03-20 21:24:17 #8 type] 
Type domain.Result is not enhanced.

[2019-03-20 21:24:17 #9 type] 
Type domain.Movement is not enhanced.

------------------------------------------------------------------------------------------------------------------------

[2019-03-20 21:25:35 #1 store] 
Database 'D:\BetAndRuinS2\BetAndRuin_BugStreetBoys\resources\db\bets.odb' is opened by 5760@DESKTOP-OLFA7OK

[2019-03-20 21:25:35 #2 type] 
Type domain.User is not enhanced.

[2019-03-20 21:25:35 #3 type] 
Type domain.VWallet is not enhanced.

[2019-03-20 21:25:35 #4 type] 
Type domain.Sport is not enhanced.

[2019-03-20 21:25:35 #5 type] 
Type domain.Category is not enhanced.

[2019-03-20 21:25:35 #6 type] 
Type domain.Event is not enhanced.

[2019-03-20 21:25:35 #7 type] 
Type domain.Question is not enhanced.

[2019-03-20 21:25:35 #8 type] 
Type domain.Result is not enhanced.

[2019-03-20 21:25:35 #9 type] 
Type domain.Movement is not enhanced.

------------------------------------------------------------------------------------------------------------------------

[2019-03-20 21:27:07 #1 store] 
Database 'D:\BetAndRuinS2\BetAndRuin_BugStreetBoys\resources\db\bets.odb' is opened by 6364@DESKTOP-OLFA7OK

[2019-03-20 21:27:07 #2 type] 
Type domain.User is not enhanced.

[2019-03-20 21:27:07 #3 type] 
Type domain.VWallet is not enhanced.

[2019-03-20 21:27:07 #4 type] 
Type domain.Sport is not enhanced.

[2019-03-20 21:27:07 #5 type] 
Type domain.Category is not enhanced.

[2019-03-20 21:27:07 #6 type] 
Type domain.Event is not enhanced.

[2019-03-20 21:27:07 #7 type] 
Type domain.Question is not enhanced.

[2019-03-20 21:27:07 #8 type] 
Type domain.Result is not enhanced.

[2019-03-20 21:27:07 #9 type] 
Type domain.Movement is not enhanced.

------------------------------------------------------------------------------------------------------------------------

[2019-03-20 21:28:35 #1 store] 
Database 'D:\BetAndRuinS2\BetAndRuin_BugStreetBoys\resources\db\bets.odb' is opened by 8812@DESKTOP-OLFA7OK

[2019-03-20 21:28:35 #2 type] 
Type domain.User is not enhanced.

[2019-03-20 21:28:35 #3 type] 
Type domain.VWallet is not enhanced.

[2019-03-20 21:28:35 #4 type] 
Type domain.Sport is not enhanced.

[2019-03-20 21:28:35 #5 type] 
Type domain.Category is not enhanced.

[2019-03-20 21:28:35 #6 type] 
Type domain.Event is not enhanced.

[2019-03-20 21:28:35 #7 type] 
Type domain.Question is not enhanced.

[2019-03-20 21:28:35 #8 type] 
Type domain.Result is not enhanced.

[2019-03-20 21:28:35 #9 type] 
Type domain.Movement is not enhanced.

------------------------------------------------------------------------------------------------------------------------

[2019-03-20 21:28:54 #1 store] 
Database 'D:\BetAndRuinS2\BetAndRuin_BugStreetBoys\resources\db\bets.odb' is opened by 5268@DESKTOP-OLFA7OK

[2019-03-20 21:28:54 #2 type] 
Type domain.User is not enhanced.

[2019-03-20 21:28:54 #3 type] 
Type domain.VWallet is not enhanced.

[2019-03-20 21:28:54 #4 type] 
Type domain.Sport is not enhanced.

[2019-03-20 21:28:54 #5 type] 
Type domain.Category is not enhanced.

[2019-03-20 21:28:54 #6 type] 
Type domain.Event is not enhanced.

[2019-03-20 21:28:54 #7 type] 
Type domain.Question is not enhanced.

[2019-03-20 21:28:54 #8 type] 
Type domain.Result is not enhanced.

[2019-03-20 21:28:54 #9 type] 
Type domain.Movement is not enhanced.

------------------------------------------------------------------------------------------------------------------------

[2019-03-20 21:29:31 #1 store] 
Database 'D:\BetAndRuinS2\BetAndRuin_BugStreetBoys\resources\db\bets.odb' is opened by 7280@DESKTOP-OLFA7OK

[2019-03-20 21:29:31 #2 type] 
Type domain.User is not enhanced.

[2019-03-20 21:29:31 #3 type] 
Type domain.VWallet is not enhanced.

[2019-03-20 21:29:31 #4 type] 
Type domain.Sport is not enhanced.

[2019-03-20 21:29:31 #5 type] 
Type domain.Category is not enhanced.

[2019-03-20 21:29:31 #6 type] 
Type domain.Event is not enhanced.

[2019-03-20 21:29:31 #7 type] 
Type domain.Question is not enhanced.

[2019-03-20 21:29:31 #8 type] 
Type domain.Result is not enhanced.

[2019-03-20 21:29:31 #9 type] 
Type domain.Movement is not enhanced.

------------------------------------------------------------------------------------------------------------------------

[2019-03-20 21:30:23 #1 store] 
Database 'D:\BetAndRuinS2\BetAndRuin_BugStreetBoys\resources\db\bets.odb' is opened by 5764@DESKTOP-OLFA7OK

[2019-03-20 21:30:24 #2 type] 
Type domain.User is not enhanced.

[2019-03-20 21:30:24 #3 type] 
Type domain.VWallet is not enhanced.

[2019-03-20 21:30:24 #4 type] 
Type domain.Sport is not enhanced.

[2019-03-20 21:30:24 #5 type] 
Type domain.Category is not enhanced.

[2019-03-20 21:30:24 #6 type] 
Type domain.Event is not enhanced.

[2019-03-20 21:30:24 #7 type] 
Type domain.Question is not enhanced.

[2019-03-20 21:30:24 #8 type] 
Type domain.Result is not enhanced.

[2019-03-20 21:30:24 #9 type] 
Type domain.Movement is not enhanced.

------------------------------------------------------------------------------------------------------------------------

[2019-03-20 21:30:39 #1 store] 
Database 'D:\BetAndRuinS2\BetAndRuin_BugStreetBoys\resources\db\bets.odb' is opened by 10348@DESKTOP-OLFA7OK

[2019-03-20 21:30:39 #2 type] 
Type domain.User is not enhanced.

[2019-03-20 21:30:39 #3 type] 
Type domain.VWallet is not enhanced.

[2019-03-20 21:30:39 #4 type] 
Type domain.Sport is not enhanced.

[2019-03-20 21:30:39 #5 type] 
Type domain.Category is not enhanced.

[2019-03-20 21:30:39 #6 type] 
Type domain.Event is not enhanced.

[2019-03-20 21:30:39 #7 type] 
Type domain.Question is not enhanced.

[2019-03-20 21:30:39 #8 type] 
Type domain.Result is not enhanced.

[2019-03-20 21:30:39 #9 type] 
Type domain.Movement is not enhanced.

------------------------------------------------------------------------------------------------------------------------

[2019-03-20 21:33:33 #1 store] 
Database 'D:\BetAndRuinS2\BetAndRuin_BugStreetBoys\resources\db\bets.odb' is opened by 8132@DESKTOP-OLFA7OK

[2019-03-20 21:33:33 #2 type] 
Type domain.User is not enhanced.

[2019-03-20 21:33:33 #3 type] 
Type domain.VWallet is not enhanced.

[2019-03-20 21:33:33 #4 type] 
Type domain.Sport is not enhanced.

[2019-03-20 21:33:33 #5 type] 
Type domain.Category is not enhanced.

[2019-03-20 21:33:33 #6 type] 
Type domain.Event is not enhanced.

[2019-03-20 21:33:33 #7 type] 
Type domain.Question is not enhanced.

[2019-03-20 21:33:33 #8 type] 
Type domain.Result is not enhanced.

[2019-03-20 21:33:33 #9 type] 
Type domain.Movement is not enhanced.

------------------------------------------------------------------------------------------------------------------------

[2019-03-20 21:46:01 #1 store] 
Database 'D:\BetAndRuinS2\BetAndRuin_BugStreetBoys\resources\db\bets.odb' has been recovered (tr. 95-95)

[2019-03-20 21:46:01 #2 store] 
Database 'D:\BetAndRuinS2\BetAndRuin_BugStreetBoys\resources\db\bets.odb' is opened by 548@DESKTOP-OLFA7OK

[2019-03-20 21:46:01 #3 type] 
Type domain.User is not enhanced.

[2019-03-20 21:46:01 #4 type] 
Type domain.VWallet is not enhanced.

[2019-03-20 21:46:01 #5 type] 
Type domain.Sport is not enhanced.

[2019-03-20 21:46:01 #6 type] 
Type domain.Category is not enhanced.

[2019-03-20 21:46:01 #7 type] 
Type domain.Event is not enhanced.

[2019-03-20 21:46:01 #8 type] 
Type domain.Question is not enhanced.

[2019-03-20 21:46:01 #9 type] 
Type domain.Result is not enhanced.

[2019-03-20 21:46:01 #10 type] 
Type domain.Movement is not enhanced.

------------------------------------------------------------------------------------------------------------------------

[2019-03-20 21:47:14 #1 store] 
Database 'D:\BetAndRuinS2\BetAndRuin_BugStreetBoys\resources\db\bets.odb' is opened by 9092@DESKTOP-OLFA7OK

[2019-03-20 21:47:14 #2 type] 
Type domain.User is not enhanced.

[2019-03-20 21:47:14 #3 type] 
Type domain.VWallet is not enhanced.

[2019-03-20 21:47:14 #4 type] 
Type domain.Sport is not enhanced.

[2019-03-20 21:47:14 #5 type] 
Type domain.Category is not enhanced.

[2019-03-20 21:47:14 #6 type] 
Type domain.Event is not enhanced.

[2019-03-20 21:47:14 #7 type] 
Type domain.Question is not enhanced.

[2019-03-20 21:47:14 #8 type] 
Type domain.Result is not enhanced.

[2019-03-20 21:47:14 #9 type] 
Type domain.Movement is not enhanced.

------------------------------------------------------------------------------------------------------------------------

[2019-03-20 21:47:44 #1 store] 
Database 'D:\BetAndRuinS2\BetAndRuin_BugStreetBoys\resources\db\bets.odb' is opened by 9844@DESKTOP-OLFA7OK

[2019-03-20 21:47:45 #2 type] 
Type domain.User is not enhanced.

[2019-03-20 21:47:45 #3 type] 
Type domain.VWallet is not enhanced.

[2019-03-20 21:47:45 #4 type] 
Type domain.Sport is not enhanced.

[2019-03-20 21:47:45 #5 type] 
Type domain.Category is not enhanced.

[2019-03-20 21:47:45 #6 type] 
Type domain.Event is not enhanced.

[2019-03-20 21:47:45 #7 type] 
Type domain.Question is not enhanced.

[2019-03-20 21:47:45 #8 type] 
Type domain.Result is not enhanced.

[2019-03-20 21:47:45 #9 type] 
Type domain.Movement is not enhanced.

------------------------------------------------------------------------------------------------------------------------

[2019-03-20 21:48:30 #1 store] 
Database 'D:\BetAndRuinS2\BetAndRuin_BugStreetBoys\resources\db\bets.odb' is opened by 5028@DESKTOP-OLFA7OK

[2019-03-20 21:48:30 #2 type] 
Type domain.User is not enhanced.

[2019-03-20 21:48:30 #3 type] 
Type domain.VWallet is not enhanced.

[2019-03-20 21:48:30 #4 type] 
Type domain.Sport is not enhanced.

[2019-03-20 21:48:30 #5 type] 
Type domain.Category is not enhanced.

[2019-03-20 21:48:30 #6 type] 
Type domain.Event is not enhanced.

[2019-03-20 21:48:30 #7 type] 
Type domain.Question is not enhanced.

[2019-03-20 21:48:30 #8 type] 
Type domain.Result is not enhanced.

[2019-03-20 21:48:30 #9 type] 
Type domain.Movement is not enhanced.

------------------------------------------------------------------------------------------------------------------------

[2019-03-20 21:49:49 #1 store] 
Database 'D:\BetAndRuinS2\BetAndRuin_BugStreetBoys\resources\db\bets.odb' is opened by 5620@DESKTOP-OLFA7OK

[2019-03-20 21:49:49 #2 type] 
Type domain.User is not enhanced.

[2019-03-20 21:49:49 #3 type] 
Type domain.VWallet is not enhanced.

[2019-03-20 21:49:49 #4 type] 
Type domain.Sport is not enhanced.

[2019-03-20 21:49:49 #5 type] 
Type domain.Category is not enhanced.

[2019-03-20 21:49:49 #6 type] 
Type domain.Event is not enhanced.

[2019-03-20 21:49:49 #7 type] 
Type domain.Question is not enhanced.

[2019-03-20 21:49:49 #8 type] 
Type domain.Result is not enhanced.

[2019-03-20 21:49:49 #9 type] 
Type domain.Movement is not enhanced.

------------------------------------------------------------------------------------------------------------------------

[2019-03-20 21:50:27 #1 store] 
Database 'D:\BetAndRuinS2\BetAndRuin_BugStreetBoys\resources\db\bets.odb' is opened by 4092@DESKTOP-OLFA7OK

[2019-03-20 21:50:27 #2 type] 
Type domain.User is not enhanced.

[2019-03-20 21:50:27 #3 type] 
Type domain.VWallet is not enhanced.

[2019-03-20 21:50:27 #4 type] 
Type domain.Sport is not enhanced.

[2019-03-20 21:50:27 #5 type] 
Type domain.Category is not enhanced.

[2019-03-20 21:50:27 #6 type] 
Type domain.Event is not enhanced.

[2019-03-20 21:50:27 #7 type] 
Type domain.Question is not enhanced.

[2019-03-20 21:50:27 #8 type] 
Type domain.Result is not enhanced.

[2019-03-20 21:50:27 #9 type] 
Type domain.Movement is not enhanced.

------------------------------------------------------------------------------------------------------------------------

[2019-03-20 21:54:20 #1 store] 
Database 'D:\BetAndRuinS2\BetAndRuin_BugStreetBoys\resources\db\bets.odb' is opened by 8216@DESKTOP-OLFA7OK

[2019-03-20 21:54:21 #2 type] 
Type domain.User is not enhanced.

[2019-03-20 21:54:21 #3 type] 
Type domain.VWallet is not enhanced.

[2019-03-20 21:54:21 #4 type] 
Type domain.Sport is not enhanced.

[2019-03-20 21:54:21 #5 type] 
Type domain.Category is not enhanced.

[2019-03-20 21:54:21 #6 type] 
Type domain.Event is not enhanced.

[2019-03-20 21:54:21 #7 type] 
Type domain.Question is not enhanced.

[2019-03-20 21:54:21 #8 type] 
Type domain.Result is not enhanced.

[2019-03-20 21:54:21 #9 type] 
Type domain.Movement is not enhanced.

------------------------------------------------------------------------------------------------------------------------

[2019-03-20 21:54:44 #1 store] 
Database 'D:\BetAndRuinS2\BetAndRuin_BugStreetBoys\resources\db\bets.odb' is opened by 9424@DESKTOP-OLFA7OK

[2019-03-20 21:54:44 #2 type] 
Type domain.User is not enhanced.

[2019-03-20 21:54:44 #3 type] 
Type domain.VWallet is not enhanced.

[2019-03-20 21:54:44 #4 type] 
Type domain.Sport is not enhanced.

[2019-03-20 21:54:44 #5 type] 
Type domain.Category is not enhanced.

[2019-03-20 21:54:44 #6 type] 
Type domain.Event is not enhanced.

[2019-03-20 21:54:44 #7 type] 
Type domain.Question is not enhanced.

[2019-03-20 21:54:44 #8 type] 
Type domain.Result is not enhanced.

[2019-03-20 21:54:44 #9 type] 
Type domain.Movement is not enhanced.

------------------------------------------------------------------------------------------------------------------------

[2019-03-20 21:56:00 #1 store] 
Database 'D:\BetAndRuinS2\BetAndRuin_BugStreetBoys\resources\db\bets.odb' is opened by 10988@DESKTOP-OLFA7OK

[2019-03-20 21:56:00 #2 type] 
Type domain.User is not enhanced.

[2019-03-20 21:56:00 #3 type] 
Type domain.VWallet is not enhanced.

[2019-03-20 21:56:00 #4 type] 
Type domain.Sport is not enhanced.

[2019-03-20 21:56:00 #5 type] 
Type domain.Category is not enhanced.

[2019-03-20 21:56:00 #6 type] 
Type domain.Event is not enhanced.

[2019-03-20 21:56:00 #7 type] 
Type domain.Question is not enhanced.

[2019-03-20 21:56:00 #8 type] 
Type domain.Result is not enhanced.

[2019-03-20 21:56:00 #9 type] 
Type domain.Movement is not enhanced.

