------------------------------------------------------------------------------------------------------------------------

[2019-03-27 14:20:41 #1 store] 
Database 'C:\Users\diego\Desktop\BugStreetBoys\git\BetAndRuin_BugStreetBoys\resources\db\bets.odb' is opened by 5016@DESKTOP-A7CK12V

[2019-03-27 14:20:41 #2 type.registry] 
New type domain.User

[2019-03-27 14:20:41 #3 type] 
Type domain.User is not enhanced.

[2019-03-27 14:20:41 #4 type.registry] 
New type domain.VWallet

[2019-03-27 14:20:41 #5 type] 
Type domain.VWallet is not enhanced.

[2019-03-27 14:20:41 #6 type.registry] 
New type businessLogic.BLFacade

[2019-03-27 14:20:41 #7 type.registry] 
New type businessLogic.BLFacadeImplementation

[2019-03-27 14:21:06 #8 type.registry] 
New type domain.Category

[2019-03-27 14:21:06 #9 type] 
Type domain.Category is not enhanced.

[2019-03-27 14:21:06 #10 type.registry] 
New type domain.Event

[2019-03-27 14:21:06 #11 type] 
Type domain.Event is not enhanced.

[2019-03-27 14:21:06 #12 type.registry] 
New type domain.Question

[2019-03-27 14:21:06 #13 type.registry] 
New type java.util.Vector<domain.Question>

[2019-03-27 14:21:06 #14 type.registry] 
New type domain.Result

[2019-03-27 14:21:06 #15 type] 
Type domain.Question is not enhanced.

[2019-03-27 14:21:06 #16 type] 
Type domain.Result is not enhanced.

[2019-03-27 14:21:06 #17 type.registry] 
New type domain.Sport

[2019-03-27 14:21:06 #18 type] 
Type domain.Sport is not enhanced.

[2019-03-27 14:21:06 #19 type.registry] 
New type java.util.LinkedList<java.lang.Object>

[2019-03-27 14:21:06 #20 type.registry] 
New type java.util.Vector<java.lang.Object>

[2019-03-27 14:21:06 #21 type.registry] 
New type java.util.LinkedList<domain.Result>

[2019-03-27 14:21:06 #22 type.registry] 
New type java.util.ArrayList<java.lang.Object>

[2019-03-27 14:21:06 #23 type.registry] 
New type java.util.ArrayList<domain.Event>

[2019-03-27 14:21:06 #24 type.registry] 
New type java.util.ArrayList<domain.Category>

------------------------------------------------------------------------------------------------------------------------

[2019-03-27 14:29:18 #1 store] 
Database 'C:\Users\diego\Desktop\BugStreetBoys\git\BetAndRuin_BugStreetBoys\resources\db\bets.odb' is opened by 7136@DESKTOP-A7CK12V

[2019-03-27 14:29:18 #2 type] 
Type domain.User is not enhanced.

[2019-03-27 14:29:18 #3 type] 
Type domain.VWallet is not enhanced.

[2019-03-27 14:29:18 #4 type] 
Type domain.Category is not enhanced.

[2019-03-27 14:29:18 #5 type] 
Type domain.Event is not enhanced.

[2019-03-27 14:29:18 #6 type] 
Type domain.Question is not enhanced.

[2019-03-27 14:29:18 #7 type] 
Type domain.Result is not enhanced.

[2019-03-27 14:29:18 #8 type] 
Type domain.Sport is not enhanced.

------------------------------------------------------------------------------------------------------------------------

[2019-03-27 14:33:14 #1 store] 
Database 'C:\Users\diego\Desktop\BugStreetBoys\git\BetAndRuin_BugStreetBoys\resources\db\bets.odb' is opened by 1692@DESKTOP-A7CK12V

[2019-03-27 14:33:14 #2 type.registry] 
New type domain.User

[2019-03-27 14:33:14 #3 type] 
Type domain.User is not enhanced.

[2019-03-27 14:33:14 #4 type.registry] 
New type domain.VWallet

[2019-03-27 14:33:14 #5 type] 
Type domain.VWallet is not enhanced.

[2019-03-27 14:33:14 #6 type.registry] 
New type businessLogic.BLFacade

[2019-03-27 14:33:14 #7 type.registry] 
New type businessLogic.BLFacadeImplementation

[2019-03-27 14:33:35 #8 type.registry] 
New type domain.Category

[2019-03-27 14:33:35 #9 type] 
Type domain.Category is not enhanced.

[2019-03-27 14:33:35 #10 type.registry] 
New type domain.Event

[2019-03-27 14:33:35 #11 type] 
Type domain.Event is not enhanced.

[2019-03-27 14:33:35 #12 type.registry] 
New type domain.Question

[2019-03-27 14:33:35 #13 type.registry] 
New type java.util.Vector<domain.Question>

[2019-03-27 14:33:35 #14 type.registry] 
New type domain.Result

[2019-03-27 14:33:35 #15 type] 
Type domain.Question is not enhanced.

[2019-03-27 14:33:35 #16 type] 
Type domain.Result is not enhanced.

[2019-03-27 14:33:35 #17 type.registry] 
New type domain.Sport

[2019-03-27 14:33:35 #18 type] 
Type domain.Sport is not enhanced.

[2019-03-27 14:33:35 #19 type.registry] 
New type java.util.LinkedList<java.lang.Object>

[2019-03-27 14:33:35 #20 type.registry] 
New type java.util.Vector<java.lang.Object>

[2019-03-27 14:33:35 #21 type.registry] 
New type java.util.LinkedList<domain.Result>

[2019-03-27 14:33:35 #22 type.registry] 
New type java.util.ArrayList<java.lang.Object>

[2019-03-27 14:33:35 #23 type.registry] 
New type java.util.ArrayList<domain.Event>

[2019-03-27 14:33:35 #24 type.registry] 
New type java.util.ArrayList<domain.Category>

------------------------------------------------------------------------------------------------------------------------

[2019-03-27 14:41:30 #1 store] 
Database 'C:\Users\diego\Desktop\BugStreetBoys\git\BetAndRuin_BugStreetBoys\resources\db\bets.odb' is opened by 8980@DESKTOP-A7CK12V

[2019-03-27 14:41:30 #2 type] 
Type domain.User is not enhanced.

[2019-03-27 14:41:30 #3 type] 
Type domain.VWallet is not enhanced.

[2019-03-27 14:41:30 #4 type] 
Type domain.Category is not enhanced.

[2019-03-27 14:41:30 #5 type] 
Type domain.Event is not enhanced.

[2019-03-27 14:41:30 #6 type] 
Type domain.Question is not enhanced.

[2019-03-27 14:41:30 #7 type] 
Type domain.Result is not enhanced.

[2019-03-27 14:41:30 #8 type] 
Type domain.Sport is not enhanced.

