------------------------------------------------------------------------------------------------------------------------

<<<<<<< HEAD
[2019-03-21 10:57:30 #1 store] 
Database 'C:\Users\ehu\git\Nueva carpeta\BetAndRuin_BugStreetBoys\resources\db\bets.odb' is opened by 9404@U110199

[2019-03-21 10:57:30 #2 type] 
Type domain.User is not enhanced.

[2019-03-21 10:57:30 #3 type] 
Type domain.VWallet is not enhanced.

[2019-03-21 10:57:30 #4 type] 
Type domain.Sport is not enhanced.

[2019-03-21 10:57:30 #5 type] 
Type domain.Category is not enhanced.

[2019-03-21 10:57:30 #6 type] 
Type domain.Event is not enhanced.

[2019-03-21 10:57:30 #7 type] 
Type domain.Question is not enhanced.

[2019-03-21 10:57:30 #8 type] 
Type domain.Result is not enhanced.

[2019-03-21 10:57:30 #9 type] 
Type domain.Movement is not enhanced.

------------------------------------------------------------------------------------------------------------------------

[2019-03-21 10:58:11 #1 store] 
Database 'C:\Users\ehu\git\Nueva carpeta\BetAndRuin_BugStreetBoys\resources\db\bets.odb' is opened by 6500@U110199

[2019-03-21 10:58:11 #2 type.registry] 
New type domain.User

[2019-03-21 10:58:11 #3 type] 
Type domain.User is not enhanced.

[2019-03-21 10:58:11 #4 type.registry] 
New type domain.VWallet

[2019-03-21 10:58:11 #5 type] 
Type domain.VWallet is not enhanced.

[2019-03-21 10:58:11 #6 type.registry] 
New type businessLogic.BLFacade

[2019-03-21 10:58:11 #7 type.registry] 
New type businessLogic.BLFacadeImplementation

[2019-03-21 10:58:53 #8 type.registry] 
New type domain.Category

[2019-03-21 10:58:53 #9 type] 
Type domain.Category is not enhanced.

[2019-03-21 10:58:53 #10 type.registry] 
New type domain.Event

[2019-03-21 10:58:53 #11 type] 
Type domain.Event is not enhanced.

[2019-03-21 10:58:53 #12 type.registry] 
New type domain.Question

[2019-03-21 10:58:53 #13 type.registry] 
New type java.util.Vector<domain.Question>

[2019-03-21 10:58:53 #14 type.registry] 
New type domain.Result

[2019-03-21 10:58:53 #15 type] 
Type domain.Question is not enhanced.

[2019-03-21 10:58:53 #16 type] 
Type domain.Result is not enhanced.

[2019-03-21 10:58:53 #17 type.registry] 
New type java.util.ArrayList<java.lang.Object>

[2019-03-21 10:58:53 #18 type.registry] 
New type java.util.ArrayList<domain.Event>

[2019-03-21 10:58:53 #19 type.registry] 
New type java.util.Vector<java.lang.Object>

------------------------------------------------------------------------------------------------------------------------

[2019-03-21 11:02:28 #1 store] 
Database 'C:\Users\ehu\git\Nueva carpeta\BetAndRuin_BugStreetBoys\resources\db\bets.odb' has been recovered (tr. 1-67)

[2019-03-21 11:02:28 #2 store] 
Database 'C:\Users\ehu\git\Nueva carpeta\BetAndRuin_BugStreetBoys\resources\db\bets.odb' is opened by 7504@U110199

[2019-03-21 11:02:28 #3 type] 
Type domain.User is not enhanced.

[2019-03-21 11:02:28 #4 type] 
Type domain.VWallet is not enhanced.

[2019-03-21 11:02:28 #5 type] 
Type domain.Category is not enhanced.

[2019-03-21 11:02:28 #6 type] 
Type domain.Event is not enhanced.

[2019-03-21 11:02:28 #7 type] 
Type domain.Question is not enhanced.

[2019-03-21 11:02:28 #8 type] 
Type domain.Result is not enhanced.

------------------------------------------------------------------------------------------------------------------------

[2019-03-21 11:02:38 #1 store] 
Database 'C:\Users\ehu\git\Nueva carpeta\BetAndRuin_BugStreetBoys\resources\db\bets.odb' is opened by 5652@U110199

[2019-03-21 11:02:38 #2 type] 
Type domain.User is not enhanced.

[2019-03-21 11:02:38 #3 type] 
Type domain.VWallet is not enhanced.

[2019-03-21 11:02:38 #4 type] 
Type domain.Category is not enhanced.

[2019-03-21 11:02:38 #5 type] 
Type domain.Event is not enhanced.

[2019-03-21 11:02:38 #6 type] 
Type domain.Question is not enhanced.

[2019-03-21 11:02:38 #7 type] 
Type domain.Result is not enhanced.

------------------------------------------------------------------------------------------------------------------------

[2019-03-21 11:16:57 #1 store] 
Database 'C:\Users\ehu\git\Nueva carpeta\BetAndRuin_BugStreetBoys\resources\db\bets.odb' is opened by 3644@U110199

[2019-03-21 11:16:58 #2 type] 
Type domain.User is not enhanced.

[2019-03-21 11:16:58 #3 type] 
Type domain.VWallet is not enhanced.

[2019-03-21 11:16:58 #4 type] 
Type domain.Category is not enhanced.

[2019-03-21 11:16:58 #5 type] 
Type domain.Event is not enhanced.

[2019-03-21 11:16:58 #6 type] 
Type domain.Question is not enhanced.

[2019-03-21 11:16:58 #7 type] 
Type domain.Result is not enhanced.

------------------------------------------------------------------------------------------------------------------------

[2019-03-21 11:20:43 #1 store] 
Database 'C:\Users\ehu\git\Nueva carpeta\BetAndRuin_BugStreetBoys\resources\db\bets.odb' is opened by 2800@U110199

[2019-03-21 11:20:43 #2 type.registry] 
New type domain.User

[2019-03-21 11:20:43 #3 type] 
Type domain.User is not enhanced.

[2019-03-21 11:20:43 #4 type.registry] 
New type domain.VWallet

[2019-03-21 11:20:43 #5 type] 
Type domain.VWallet is not enhanced.

[2019-03-21 11:20:43 #6 type.registry] 
New type businessLogic.BLFacade

[2019-03-21 11:20:43 #7 type.registry] 
New type businessLogic.BLFacadeImplementation

------------------------------------------------------------------------------------------------------------------------

[2019-03-21 11:21:34 #1 store] 
Database 'C:\Users\ehu\git\Nueva carpeta\BetAndRuin_BugStreetBoys\resources\db\bets.odb' is opened by 8412@U110199

[2019-03-21 11:21:34 #2 type] 
Type domain.User is not enhanced.

[2019-03-21 11:21:34 #3 type] 
Type domain.VWallet is not enhanced.

[2019-03-21 11:22:03 #4 type.registry] 
New type domain.Category

[2019-03-21 11:22:03 #5 type] 
Type domain.Category is not enhanced.

[2019-03-21 11:22:03 #6 type.registry] 
New type domain.Event

[2019-03-21 11:22:03 #7 type] 
Type domain.Event is not enhanced.

[2019-03-21 11:22:03 #8 type.registry] 
New type domain.Question

[2019-03-21 11:22:04 #9 type.registry] 
New type java.util.Vector<domain.Question>

[2019-03-21 11:22:04 #10 type.registry] 
New type domain.Result

[2019-03-21 11:22:04 #11 type] 
Type domain.Question is not enhanced.

[2019-03-21 11:22:04 #12 type] 
Type domain.Result is not enhanced.

------------------------------------------------------------------------------------------------------------------------

[2019-03-21 11:33:50 #1 store] 
Database 'C:\Users\ehu\git\Nueva carpeta\BetAndRuin_BugStreetBoys\resources\db\bets.odb' is opened by 5696@U110199

[2019-03-21 11:33:51 #2 type.registry] 
New type domain.User

[2019-03-21 11:33:51 #3 type] 
Type domain.User is not enhanced.

[2019-03-21 11:33:51 #4 type.registry] 
New type domain.VWallet

[2019-03-21 11:33:51 #5 type] 
Type domain.VWallet is not enhanced.

[2019-03-21 11:33:51 #6 type.registry] 
New type businessLogic.BLFacade

[2019-03-21 11:33:51 #7 type.registry] 
New type businessLogic.BLFacadeImplementation

[2019-03-21 11:34:08 #8 type.registry] 
New type domain.Category

[2019-03-21 11:34:08 #9 type] 
Type domain.Category is not enhanced.

[2019-03-21 11:34:08 #10 type.registry] 
New type domain.Event

[2019-03-21 11:34:08 #11 type] 
Type domain.Event is not enhanced.

[2019-03-21 11:34:08 #12 type.registry] 
New type domain.Question

[2019-03-21 11:34:08 #13 type.registry] 
New type java.util.Vector<domain.Question>

[2019-03-21 11:34:08 #14 type.registry] 
New type domain.Result

[2019-03-21 11:34:08 #15 type] 
Type domain.Question is not enhanced.

[2019-03-21 11:34:08 #16 type] 
Type domain.Result is not enhanced.

[2019-03-21 11:34:08 #17 type.registry] 
New type java.util.ArrayList<java.lang.Object>

[2019-03-21 11:34:08 #18 type.registry] 
New type java.util.ArrayList<domain.Event>

[2019-03-21 11:34:08 #19 type.registry] 
New type java.util.Vector<java.lang.Object>

------------------------------------------------------------------------------------------------------------------------

[2019-03-21 11:36:51 #1 store] 
Database 'C:\Users\ehu\git\Nueva carpeta\BetAndRuin_BugStreetBoys\resources\db\bets.odb' is opened by 4112@U110199

[2019-03-21 11:36:51 #2 type.registry] 
New type domain.User

[2019-03-21 11:36:51 #3 type] 
Type domain.User is not enhanced.

[2019-03-21 11:36:51 #4 type.registry] 
New type domain.VWallet

[2019-03-21 11:36:51 #5 type] 
Type domain.VWallet is not enhanced.

[2019-03-21 11:36:51 #6 type.registry] 
New type businessLogic.BLFacade

[2019-03-21 11:36:51 #7 type.registry] 
New type businessLogic.BLFacadeImplementation

[2019-03-21 11:37:07 #8 type.registry] 
New type domain.Category

[2019-03-21 11:37:07 #9 type] 
Type domain.Category is not enhanced.

[2019-03-21 11:37:07 #10 type.registry] 
New type domain.Event

[2019-03-21 11:37:07 #11 type] 
Type domain.Event is not enhanced.

[2019-03-21 11:37:07 #12 type.registry] 
New type domain.Question

[2019-03-21 11:37:07 #13 type.registry] 
New type java.util.Vector<domain.Question>

[2019-03-21 11:37:07 #14 type.registry] 
New type domain.Result

[2019-03-21 11:37:07 #15 type] 
Type domain.Question is not enhanced.

[2019-03-21 11:37:07 #16 type] 
Type domain.Result is not enhanced.

[2019-03-21 11:37:07 #17 type.registry] 
New type java.util.Vector<java.lang.Object>

[2019-03-21 11:37:07 #18 type.registry] 
New type java.util.ArrayList<java.lang.Object>

[2019-03-21 11:37:07 #19 type.registry] 
New type java.util.ArrayList<domain.Event>

------------------------------------------------------------------------------------------------------------------------

[2019-03-21 11:38:00 #1 store] 
Database 'C:\Users\ehu\git\Nueva carpeta\BetAndRuin_BugStreetBoys\resources\db\bets.odb' is opened by 4296@U110199

[2019-03-21 11:38:00 #2 type] 
Type domain.User is not enhanced.

[2019-03-21 11:38:00 #3 type] 
Type domain.VWallet is not enhanced.

[2019-03-21 11:38:00 #4 type] 
Type domain.Category is not enhanced.

[2019-03-21 11:38:00 #5 type] 
Type domain.Event is not enhanced.

[2019-03-21 11:38:00 #6 type] 
Type domain.Question is not enhanced.

[2019-03-21 11:38:00 #7 type] 
Type domain.Result is not enhanced.

------------------------------------------------------------------------------------------------------------------------

[2019-03-21 11:40:32 #1 store] 
Database 'C:\Users\ehu\git\Nueva carpeta\BetAndRuin_BugStreetBoys\resources\db\bets.odb' is opened by 10832@U110199

[2019-03-21 11:40:32 #2 type.registry] 
New type domain.User

[2019-03-21 11:40:32 #3 type] 
Type domain.User is not enhanced.

[2019-03-21 11:40:32 #4 type.registry] 
New type domain.VWallet

[2019-03-21 11:40:32 #5 type] 
Type domain.VWallet is not enhanced.

[2019-03-21 11:40:32 #6 type.registry] 
New type businessLogic.BLFacade

[2019-03-21 11:40:32 #7 type.registry] 
New type businessLogic.BLFacadeImplementation

[2019-03-21 11:40:54 #8 type.registry] 
New type domain.Category

[2019-03-21 11:40:54 #9 type] 
Type domain.Category is not enhanced.

[2019-03-21 11:40:54 #10 type.registry] 
New type domain.Event

[2019-03-21 11:40:54 #11 type] 
Type domain.Event is not enhanced.

[2019-03-21 11:40:54 #12 type.registry] 
New type domain.Question

[2019-03-21 11:40:54 #13 type.registry] 
New type java.util.Vector<domain.Question>

[2019-03-21 11:40:54 #14 type.registry] 
New type domain.Result

[2019-03-21 11:40:54 #15 type] 
Type domain.Question is not enhanced.

[2019-03-21 11:40:54 #16 type] 
Type domain.Result is not enhanced.

[2019-03-21 11:40:54 #17 type.registry] 
New type java.util.Vector<java.lang.Object>

[2019-03-21 11:40:55 #18 type.registry] 
New type java.util.ArrayList<java.lang.Object>

[2019-03-21 11:40:55 #19 type.registry] 
New type java.util.ArrayList<domain.Event>
=======
[2019-03-21 10:05:37 #1 store] 
Database 'E:\UPV-EHU\2018-19\2_cuatri\SE\git\BetAndRuin_BugStreetBoys\resources\db\bets.odb' is opened by 9268@DESKTOP-A7CK12V

[2019-03-21 10:05:37 #2 type] 
Type domain.User is not enhanced.

[2019-03-21 10:05:37 #3 type] 
Type domain.VWallet is not enhanced.

[2019-03-21 10:05:37 #4 type] 
Type domain.Sport is not enhanced.

[2019-03-21 10:05:37 #5 type] 
Type domain.Category is not enhanced.

[2019-03-21 10:05:37 #6 type] 
Type domain.Event is not enhanced.

[2019-03-21 10:05:37 #7 type] 
Type domain.Question is not enhanced.

[2019-03-21 10:05:37 #8 type] 
Type domain.Result is not enhanced.

[2019-03-21 10:05:37 #9 type] 
Type domain.Movement is not enhanced.
>>>>>>> branch 'Sprint2' of https://xp-dev.com/git/BetAndRuin_BugStreetBoys

